Determining if the pthread_create exist failed with the following output:
Change Dir: /home/yxl/github/Visual-Localization-Percessing-Homework/HarrisDetector/build/CMakeFiles/CMakeTmp

Run Build Command:"/usr/bin/make" "cmTC_0247c/fast"
/usr/bin/make -f CMakeFiles/cmTC_0247c.dir/build.make CMakeFiles/cmTC_0247c.dir/build
make[1]: Entering directory '/home/yxl/github/Visual-Localization-Percessing-Homework/HarrisDetector/build/CMakeFiles/CMakeTmp'
Building C object CMakeFiles/cmTC_0247c.dir/CheckSymbolExists.c.o
/usr/bin/cc    -fPIC    -o CMakeFiles/cmTC_0247c.dir/CheckSymbolExists.c.o   -c /home/yxl/github/Visual-Localization-Percessing-Homework/HarrisDetector/build/CMakeFiles/CMakeTmp/CheckSymbolExists.c
Linking C executable cmTC_0247c
/usr/bin/cmake -E cmake_link_script CMakeFiles/cmTC_0247c.dir/link.txt --verbose=1
/usr/bin/cc  -fPIC     CMakeFiles/cmTC_0247c.dir/CheckSymbolExists.c.o  -o cmTC_0247c -rdynamic 
CMakeFiles/cmTC_0247c.dir/CheckSymbolExists.c.o：在函数‘main’中：
CheckSymbolExists.c:(.text+0x1b)：对‘pthread_create’未定义的引用
collect2: error: ld returned 1 exit status
CMakeFiles/cmTC_0247c.dir/build.make:97: recipe for target 'cmTC_0247c' failed
make[1]: *** [cmTC_0247c] Error 1
make[1]: Leaving directory '/home/yxl/github/Visual-Localization-Percessing-Homework/HarrisDetector/build/CMakeFiles/CMakeTmp'
Makefile:126: recipe for target 'cmTC_0247c/fast' failed
make: *** [cmTC_0247c/fast] Error 2

File /home/yxl/github/Visual-Localization-Percessing-Homework/HarrisDetector/build/CMakeFiles/CMakeTmp/CheckSymbolExists.c:
/* */
#include <pthread.h>

int main(int argc, char** argv)
{
  (void)argv;
#ifndef pthread_create
  return ((int*)(&pthread_create))[argc];
#else
  (void)argc;
  return 0;
#endif
}

Determining if the function pthread_create exists in the pthreads failed with the following output:
Change Dir: /home/yxl/github/Visual-Localization-Percessing-Homework/HarrisDetector/build/CMakeFiles/CMakeTmp

Run Build Command:"/usr/bin/make" "cmTC_25032/fast"
/usr/bin/make -f CMakeFiles/cmTC_25032.dir/build.make CMakeFiles/cmTC_25032.dir/build
make[1]: Entering directory '/home/yxl/github/Visual-Localization-Percessing-Homework/HarrisDetector/build/CMakeFiles/CMakeTmp'
Building C object CMakeFiles/cmTC_25032.dir/CheckFunctionExists.c.o
/usr/bin/cc    -fPIC -DCHECK_FUNCTION_EXISTS=pthread_create   -o CMakeFiles/cmTC_25032.dir/CheckFunctionExists.c.o   -c /usr/share/cmake-3.5/Modules/CheckFunctionExists.c
Linking C executable cmTC_25032
/usr/bin/cmake -E cmake_link_script CMakeFiles/cmTC_25032.dir/link.txt --verbose=1
/usr/bin/cc  -fPIC -DCHECK_FUNCTION_EXISTS=pthread_create    CMakeFiles/cmTC_25032.dir/CheckFunctionExists.c.o  -o cmTC_25032 -rdynamic -lpthreads 
/usr/bin/ld: 找不到 -lpthreads
collect2: error: ld returned 1 exit status
CMakeFiles/cmTC_25032.dir/build.make:97: recipe for target 'cmTC_25032' failed
make[1]: *** [cmTC_25032] Error 1
make[1]: Leaving directory '/home/yxl/github/Visual-Localization-Percessing-Homework/HarrisDetector/build/CMakeFiles/CMakeTmp'
Makefile:126: recipe for target 'cmTC_25032/fast' failed
make: *** [cmTC_25032/fast] Error 2


